
  .   ____          _            __ _ _
 /\\ / ___'_ __ _ _(_)_ __  __ _ \ \ \ \
( ( )\___ | '_ | '_| | '_ \/ _` | \ \ \ \
 \\/  ___)| |_)| | | | | || (_| |  ) ) ) )
  '  |____| .__|_| |_|_| |_\__, | / / / /
 =========|_|==============|___/=/_/_/_/

 :: Spring Boot ::                (v3.3.1)

2026-07-10T02:29:40.173+08:00  INFO 36932 --- [auth-service] [           main] c.x.authservice.AuthServiceApplication   : Starting AuthServiceApplication v0.0.1-SNAPSHOT using Java 21.0.10 with PID 36932 (C:\Users\75328\OneDrive\桌面\xss\auth-service\target\auth-service-0.0.1-SNAPSHOT.jar started by 75328 in C:\Users\75328\OneDrive\桌面\xss)
2026-07-10T02:29:40.177+08:00  INFO 36932 --- [auth-service] [           main] c.x.authservice.AuthServiceApplication   : No active profile set, falling back to 1 default profile: "default"
2026-07-10T02:29:41.586+08:00  INFO 36932 --- [auth-service] [           main] .s.d.r.c.RepositoryConfigurationDelegate : Multiple Spring Data modules found, entering strict repository configuration mode
2026-07-10T02:29:41.589+08:00  INFO 36932 --- [auth-service] [           main] .s.d.r.c.RepositoryConfigurationDelegate : Bootstrapping Spring Data Redis repositories in DEFAULT mode.
2026-07-10T02:29:41.624+08:00  INFO 36932 --- [auth-service] [           main] .s.d.r.c.RepositoryConfigurationDelegate : Finished Spring Data repository scanning in 16 ms. Found 0 Redis repository interfaces.
2026-07-10T02:29:43.027+08:00  INFO 36932 --- [auth-service] [           main] o.s.b.w.embedded.tomcat.TomcatWebServer  : Tomcat initialized with port 8083 (http)
2026-07-10T02:29:43.048+08:00  INFO 36932 --- [auth-service] [           main] o.apache.catalina.core.StandardService   : Starting service [Tomcat]
2026-07-10T02:29:43.048+08:00  INFO 36932 --- [auth-service] [           main] o.apache.catalina.core.StandardEngine    : Starting Servlet engine: [Apache Tomcat/10.1.25]
2026-07-10T02:29:43.118+08:00  INFO 36932 --- [auth-service] [           main] o.a.c.c.C.[Tomcat].[localhost].[/]       : Initializing Spring embedded WebApplicationContext
2026-07-10T02:29:43.121+08:00  INFO 36932 --- [auth-service] [           main] w.s.c.ServletWebServerApplicationContext : Root WebApplicationContext: initialization completed in 2858 ms
 _ _   |_  _ _|_. ___ _ |    _ 
| | |\/|_)(_| | |_\  |_)||_|_\ 
     /               |         
                        3.5.7 
2026-07-10T02:29:44.896+08:00  WARN 36932 --- [auth-service] [           main] .s.s.UserDetailsServiceAutoConfiguration : 

Using generated security password: e853eb89-5db9-4a8a-add2-e24f9eb6d6de

This generated password is for development use only. Your security configuration must be updated before running your application in production.

2026-07-10T02:29:44.910+08:00  INFO 36932 --- [auth-service] [           main] r$InitializeUserDetailsManagerConfigurer : Global AuthenticationManager configured with UserDetailsService bean with name inMemoryUserDetailsManager
2026-07-10T02:29:45.700+08:00  INFO 36932 --- [auth-service] [           main] o.s.b.w.embedded.tomcat.TomcatWebServer  : Tomcat started on port 8083 (http) with context path '/'
2026-07-10T02:29:45.708+08:00  INFO 36932 --- [auth-service] [           main] c.x.authservice.AuthServiceApplication   : Started AuthServiceApplication in 6.03 seconds (process running for 6.805)
2026-07-10T02:31:54.907+08:00  INFO 36932 --- [auth-service] [nio-8083-exec-2] o.a.c.c.C.[Tomcat].[localhost].[/]       : Initializing Spring DispatcherServlet 'dispatcherServlet'
2026-07-10T02:31:54.907+08:00  INFO 36932 --- [auth-service] [nio-8083-exec-2] o.s.web.servlet.DispatcherServlet        : Initializing Servlet 'dispatcherServlet'
2026-07-10T02:31:54.907+08:00  INFO 36932 --- [auth-service] [nio-8083-exec-2] o.s.web.servlet.DispatcherServlet        : Completed initialization in 0 ms
2026-07-10T02:31:55.033+08:00  INFO 36932 --- [auth-service] [nio-8083-exec-2] com.zaxxer.hikari.HikariDataSource       : HikariPool-1 - Starting...
2026-07-10T02:32:05.207+08:00  INFO 36932 --- [auth-service] [nio-8083-exec-2] com.zaxxer.hikari.pool.HikariPool        : HikariPool-1 - Added connection com.mysql.cj.jdbc.ConnectionImpl@3a1f5d28
2026-07-10T02:32:05.210+08:00  INFO 36932 --- [auth-service] [nio-8083-exec-2] com.zaxxer.hikari.HikariDataSource       : HikariPool-1 - Start completed.
