
  .   ____          _            __ _ _
 /\\ / ___'_ __ _ _(_)_ __  __ _ \ \ \ \
( ( )\___ | '_ | '_| | '_ \/ _` | \ \ \ \
 \\/  ___)| |_)| | | | | || (_| |  ) ) ) )
  '  |____| .__|_| |_|_| |_\__, | / / / /
 =========|_|==============|___/=/_/_/_/

 :: Spring Boot ::                (v3.3.1)

2026-07-10T02:29:40.205+08:00  INFO 34536 --- [gateway-service] [           main] c.x.g.GatewayServiceApplication          : Starting GatewayServiceApplication v0.0.1-SNAPSHOT using Java 21.0.10 with PID 34536 (C:\Users\75328\OneDrive\桌面\xss\gateway-service\target\gateway-service-0.0.1-SNAPSHOT.jar started by 75328 in C:\Users\75328\OneDrive\桌面\xss)
2026-07-10T02:29:40.209+08:00  INFO 34536 --- [gateway-service] [           main] c.x.g.GatewayServiceApplication          : No active profile set, falling back to 1 default profile: "default"
2026-07-10T02:29:41.954+08:00  INFO 34536 --- [gateway-service] [           main] o.s.b.w.embedded.tomcat.TomcatWebServer  : Tomcat initialized with port 8080 (http)
2026-07-10T02:29:41.976+08:00  INFO 34536 --- [gateway-service] [           main] o.apache.catalina.core.StandardService   : Starting service [Tomcat]
2026-07-10T02:29:41.977+08:00  INFO 34536 --- [gateway-service] [           main] o.apache.catalina.core.StandardEngine    : Starting Servlet engine: [Apache Tomcat/10.1.25]
2026-07-10T02:29:42.044+08:00  INFO 34536 --- [gateway-service] [           main] o.a.c.c.C.[Tomcat].[localhost].[/]       : Initializing Spring embedded WebApplicationContext
2026-07-10T02:29:42.046+08:00  INFO 34536 --- [gateway-service] [           main] w.s.c.ServletWebServerApplicationContext : Root WebApplicationContext: initialization completed in 1770 ms
2026-07-10T02:29:42.720+08:00  WARN 34536 --- [gateway-service] [           main] .s.s.UserDetailsServiceAutoConfiguration : 

Using generated security password: 167d5061-84c4-45a2-8745-5b2e188396db

This generated password is for development use only. Your security configuration must be updated before running your application in production.

2026-07-10T02:29:42.851+08:00  INFO 34536 --- [gateway-service] [           main] r$InitializeUserDetailsManagerConfigurer : Global AuthenticationManager configured with UserDetailsService bean with name inMemoryUserDetailsManager
2026-07-10T02:29:44.067+08:00  INFO 34536 --- [gateway-service] [           main] o.s.b.w.embedded.tomcat.TomcatWebServer  : Tomcat started on port 8080 (http) with context path '/'
2026-07-10T02:29:44.113+08:00  INFO 34536 --- [gateway-service] [           main] c.x.g.GatewayServiceApplication          : Started GatewayServiceApplication in 4.458 seconds (process running for 5.184)
2026-07-10T02:30:11.682+08:00  INFO 34536 --- [gateway-service] [0.0-8080-exec-2] o.a.c.c.C.[Tomcat].[localhost].[/]       : Initializing Spring DispatcherServlet 'dispatcherServlet'
2026-07-10T02:30:11.683+08:00  INFO 34536 --- [gateway-service] [0.0-8080-exec-2] o.s.web.servlet.DispatcherServlet        : Initializing Servlet 'dispatcherServlet'
2026-07-10T02:30:11.684+08:00  INFO 34536 --- [gateway-service] [0.0-8080-exec-2] o.s.web.servlet.DispatcherServlet        : Completed initialization in 0 ms
